<?xml version="1.0" encoding="UTF-8"?>
<testsuite xmlns:xsi="http://www.w3.org/2001/XMLSchema-instance" xsi:noNamespaceSchemaLocation="https://maven.apache.org/surefire/maven-surefire-plugin/xsd/surefire-test-report.xsd" version="3.0.1" name="com.nt.service.MathOpeationsTest" time="0.152" tests="10" errors="0" skipped="1" failures="1">
  <properties>
    <property name="java.specification.version" value="21"/>
    <property name="sun.cpu.isalist" value="amd64"/>
    <property name="sun.jnu.encoding" value="Cp1252"/>
    <property name="java.class.path" value="E:\Worskpaces\FS-Tools\NTTools701\JunitProj01\target\test-classes;E:\Worskpaces\FS-Tools\NTTools701\JunitProj01\target\classes;C:\Users\Nataraz\.m2\repository\org\junit\jupiter\junit-jupiter-api\5.11.0\junit-jupiter-api-5.11.0.jar;C:\Users\Nataraz\.m2\repository\org\opentest4j\opentest4j\1.3.0\opentest4j-1.3.0.jar;C:\Users\Nataraz\.m2\repository\org\junit\platform\junit-platform-commons\1.11.0\junit-platform-commons-1.11.0.jar;C:\Users\Nataraz\.m2\repository\org\apiguardian\apiguardian-api\1.1.2\apiguardian-api-1.1.2.jar;C:\Users\Nataraz\.m2\repository\org\junit\jupiter\junit-jupiter-params\5.11.0\junit-jupiter-params-5.11.0.jar;"/>
    <property name="java.vm.vendor" value="Eclipse Adoptium"/>
    <property name="sun.arch.data.model" value="64"/>
    <property name="user.variant" value=""/>
    <property name="java.vendor.url" value="https://adoptium.net/"/>
    <property name="user.timezone" value="Asia/Calcutta"/>
    <property name="os.name" value="Windows 11"/>
    <property name="java.vm.specification.version" value="21"/>
    <property name="sun.java.launcher" value="SUN_STANDARD"/>
    <property name="user.country" value="US"/>
    <property name="sun.boot.library.path" value="D:\Software\eclipse\plugins\org.eclipse.justj.openjdk.hotspot.jre.full.win32.x86_64_21.0.6.v20250130-0529\jre\bin"/>
    <property name="sun.java.command" value="C:\Users\Nataraz\AppData\Local\Temp\surefire5139671214446669596\surefirebooter-20250421203812587_3.jar C:\Users\Nataraz\AppData\Local\Temp\surefire5139671214446669596 2025-04-21T20-38-12_270-jvmRun1 surefire-20250421203812587_1tmp surefire_0-20250421203812587_2tmp"/>
    <property name="jdk.debug" value="release"/>
    <property name="surefire.test.class.path" value="E:\Worskpaces\FS-Tools\NTTools701\JunitProj01\target\test-classes;E:\Worskpaces\FS-Tools\NTTools701\JunitProj01\target\classes;C:\Users\Nataraz\.m2\repository\org\junit\jupiter\junit-jupiter-api\5.11.0\junit-jupiter-api-5.11.0.jar;C:\Users\Nataraz\.m2\repository\org\opentest4j\opentest4j\1.3.0\opentest4j-1.3.0.jar;C:\Users\Nataraz\.m2\repository\org\junit\platform\junit-platform-commons\1.11.0\junit-platform-commons-1.11.0.jar;C:\Users\Nataraz\.m2\repository\org\apiguardian\apiguardian-api\1.1.2\apiguardian-api-1.1.2.jar;C:\Users\Nataraz\.m2\repository\org\junit\jupiter\junit-jupiter-params\5.11.0\junit-jupiter-params-5.11.0.jar;"/>
    <property name="sun.cpu.endian" value="little"/>
    <property name="user.home" value="C:\Users\Nataraz"/>
    <property name="user.language" value="en"/>
    <property name="java.specification.vendor" value="Oracle Corporation"/>
    <property name="java.version.date" value="2025-01-21"/>
    <property name="java.home" value="D:\Software\eclipse\plugins\org.eclipse.justj.openjdk.hotspot.jre.full.win32.x86_64_21.0.6.v20250130-0529\jre"/>
    <property name="file.separator" value="\"/>
    <property name="basedir" value="E:\Worskpaces\FS-Tools\NTTools701\JunitProj01"/>
    <property name="style.color" value="always"/>
    <property name="java.vm.compressedOopsMode" value="Zero based"/>
    <property name="line.separator" value="&#10;"/>
    <property name="java.vm.specification.vendor" value="Oracle Corporation"/>
    <property name="java.specification.name" value="Java Platform API Specification"/>
    <property name="surefire.real.class.path" value="C:\Users\Nataraz\AppData\Local\Temp\surefire5139671214446669596\surefirebooter-20250421203812587_3.jar"/>
    <property name="user.script" value=""/>
    <property name="sun.management.compiler" value="HotSpot 64-Bit Tiered Compilers"/>
    <property name="java.runtime.version" value="21.0.6+7-LTS"/>
    <property name="user.name" value="Nataraz"/>
    <property name="stdout.encoding" value="Cp1252"/>
    <property name="path.separator" value=";"/>
    <property name="os.version" value="10.0"/>
    <property name="java.runtime.name" value="OpenJDK Runtime Environment"/>
    <property name="file.encoding" value="UTF-8"/>
    <property name="java.vm.name" value="OpenJDK 64-Bit Server VM"/>
    <property name="java.vendor.version" value="Temurin-21.0.6+7"/>
    <property name="localRepository" value="C:\Users\Nataraz\.m2\repository"/>
    <property name="java.vendor.url.bug" value="https://github.com/adoptium/adoptium-support/issues"/>
    <property name="java.io.tmpdir" value="C:\Users\Nataraz\AppData\Local\Temp\"/>
    <property name="java.version" value="21.0.6"/>
    <property name="user.dir" value="E:\Worskpaces\FS-Tools\NTTools701\JunitProj01"/>
    <property name="os.arch" value="amd64"/>
    <property name="java.vm.specification.name" value="Java Virtual Machine Specification"/>
    <property name="sun.os.patch.level" value=""/>
    <property name="native.encoding" value="Cp1252"/>
    <property name="java.library.path" value="D:\Software\eclipse\plugins\org.eclipse.justj.openjdk.hotspot.jre.full.win32.x86_64_21.0.6.v20250130-0529\jre\bin;C:\WINDOWS\Sun\Java\bin;C:\WINDOWS\system32;C:\WINDOWS;D:/Software/eclipse//plugins/org.eclipse.justj.openjdk.hotspot.jre.full.win32.x86_64_21.0.6.v20250130-0529/jre/bin/server;D:/Software/eclipse//plugins/org.eclipse.justj.openjdk.hotspot.jre.full.win32.x86_64_21.0.6.v20250130-0529/jre/bin;C:\Program Files\Java\jdk-17\bin;C:\Program Files\Java\jdk-21\bin;D:\apache-maven-3.9.6-binSoft\apache-maven-3.9.6\bin;C:\oraclexe\app\oracle\product\11.2.0\server\bin;C:\Program Files\Common Files\Oracle\Java\javapath;C:\WINDOWS\system32;C:\WINDOWS;C:\WINDOWS\System32\Wbem;C:\WINDOWS\System32\WindowsPowerShell\v1.0\;C:\WINDOWS\System32\OpenSSH\;C:\Program Files\Git\cmd;;C:\Program Files\Docker\Docker\resources\bin;C:\Windows\System32;C:\Program Files\MySQL\MySQL Shell 8.0\bin\;C:\Users\Nataraz\AppData\Local\Microsoft\WindowsApps;;D:\Software\eclipse;;."/>
    <property name="java.vm.info" value="mixed mode, sharing"/>
    <property name="stderr.encoding" value="Cp1252"/>
    <property name="java.vendor" value="Eclipse Adoptium"/>
    <property name="java.vm.version" value="21.0.6+7-LTS"/>
    <property name="sun.io.unicode.encoding" value="UnicodeLittle"/>
    <property name="java.class.version" value="65.0"/>
  </properties>
  <testcase name="testSubWithNegetives" classname="com.nt.service.MathOpeationsTest" time="0.038">
    <system-out><![CDATA[MathOpeationsTest.setupOnce()
MathOpeationsTest.testSubWithNegetives()
]]></system-out>
  </testcase>
  <testcase name="testSumWithMixedValues" classname="com.nt.service.MathOpeationsTest" time="0.001">
    <system-out><![CDATA[MathOpeationsTest.testSumWithMixedValues()
]]></system-out>
  </testcase>
  <testcase name="testSubWithZeros" classname="com.nt.service.MathOpeationsTest" time="0.002">
    <system-out><![CDATA[MathOpeationsTest.testSubWithZeros()
]]></system-out>
  </testcase>
  <testcase name="testSumWithBigValues" classname="com.nt.service.MathOpeationsTest" time="0.002">
    <system-out><![CDATA[MathOpeationsTest.testSumWithBigValues()
]]></system-out>
  </testcase>
  <testcase name="testSumWithPositives" classname="com.nt.service.MathOpeationsTest" time="0.018">
    <failure message="expected: &lt;300.0&gt; but was: &lt;301.0&gt;" type="org.opentest4j.AssertionFailedError"><![CDATA[org.opentest4j.AssertionFailedError: expected: <300.0> but was: <301.0>
	at org.junit.jupiter.api.AssertionFailureBuilder.build(AssertionFailureBuilder.java:151)
	at org.junit.jupiter.api.AssertionFailureBuilder.buildAndThrow(AssertionFailureBuilder.java:132)
	at org.junit.jupiter.api.AssertEquals.failNotEqual(AssertEquals.java:197)
	at org.junit.jupiter.api.AssertEquals.assertEquals(AssertEquals.java:70)
	at org.junit.jupiter.api.AssertEquals.assertEquals(AssertEquals.java:65)
	at org.junit.jupiter.api.Assertions.assertEquals(Assertions.java:889)
	at com.nt.service.MathOpeationsTest.testSumWithPositives(MathOpeationsTest.java:29)
	at java.base/java.lang.reflect.Method.invoke(Method.java:580)
	at java.base/java.util.ArrayList.forEach(ArrayList.java:1596)
	at java.base/java.util.ArrayList.forEach(ArrayList.java:1596)
]]></failure>
    <system-out><![CDATA[MathOpeationsTest.testSumWithPositives()
]]></system-out>
  </testcase>
  <testcase name="testSubWithMixedValues" classname="com.nt.service.MathOpeationsTest" time="0.003">
    <system-out><![CDATA[MathOpeationsTest.testSubWithMixedValues()
]]></system-out>
  </testcase>
  <testcase name="testSubWithBigValues" classname="com.nt.service.MathOpeationsTest" time="0.0">
    <skipped message="public void com.nt.service.MathOpeationsTest.testSubWithBigValues() is @Disabled"/>
  </testcase>
  <testcase name="testSumWithNegetives" classname="com.nt.service.MathOpeationsTest" time="0.003">
    <system-out><![CDATA[MathOpeationsTest.testSumWithNegetives()
]]></system-out>
  </testcase>
  <testcase name="testSubWithPositives" classname="com.nt.service.MathOpeationsTest" time="0.003">
    <system-out><![CDATA[MathOpeationsTest.testSubWithPositives()
]]></system-out>
  </testcase>
  <testcase name="testSumWithZeros" classname="com.nt.service.MathOpeationsTest" time="0.003">
    <system-out><![CDATA[MathOpeationsTest.testSumWithZeros()
]]></system-out>
  </testcase>
</testsuite>